[11:05:34] [ServerMain/INFO]: Environment: authHost='https://authserver.mojang.com', accountsHost='https://api.mojang.com', sessionHost='https://sessionserver.mojang.com', servicesHost='https://api.minecraftservices.com', name='PROD'
[11:05:35] [ServerMain/INFO]: Loaded 7 recipes
[11:05:36] [Server thread/INFO]: Starting minecraft server version 1.20.1
[11:05:36] [Server thread/INFO]: Loading properties
[11:05:36] [Server thread/INFO]: This server is running Paper version git-Paper-145 (MC: 1.20.1) (Implementing API version 1.20.1-R0.1-SNAPSHOT) (Git: 281855c)
[11:05:36] [Server thread/INFO]: Server Ping Player Sample Count: 12
[11:05:36] [Server thread/INFO]: Using 4 threads for Netty based IO
[11:05:36] [Server thread/WARN]: [!] The timings profiler has been enabled but has been scheduled for removal from Paper in the future.
    We recommend installing the spark profiler as a replacement: https://spark.lucko.me/
    For more information please visit: https://github.com/PaperMC/Paper/issues/8948
[11:05:36] [Server thread/INFO]: [ChunkTaskScheduler] Chunk system is using 1 I/O threads, 1 worker threads, and gen parallelism of 1 threads
[11:05:36] [Server thread/INFO]: Default game type: SURVIVAL
[11:05:36] [Server thread/INFO]: Generating keypair
[11:05:37] [Server thread/INFO]: Starting Minecraft server on *:25565
[11:05:37] [Server thread/INFO]: Using epoll channel type
[11:05:37] [Server thread/INFO]: Paper: Using libdeflate (Linux x86_64) compression from Velocity.
[11:05:37] [Server thread/INFO]: Paper: Using OpenSSL 3.0.x (Linux x86_64) cipher from Velocity.
[11:05:37] [Server thread/INFO]: Server permissions file permissions.yml is empty, ignoring it
[11:05:37] [Server thread/WARN]: **** SERVER IS RUNNING IN OFFLINE/INSECURE MODE!
[11:05:37] [Server thread/WARN]: The server will make no attempt to authenticate usernames. Beware.
[11:05:37] [Server thread/WARN]: While this makes the game possible to play without internet access, it also opens up the ability for hackers to connect with any username they choose.
[11:05:37] [Server thread/WARN]: To change this, set "online-mode" to "true" in the server.properties file.
[11:05:37] [Server thread/INFO]: Preparing level "world"
[11:05:37] [Server thread/INFO]: Preparing start region for dimension minecraft:overworld
[11:05:38] [Server thread/INFO]: Time elapsed: 292 ms
[11:05:38] [Server thread/INFO]: Preparing start region for dimension minecraft:the_nether
[11:05:38] [Server thread/INFO]: Time elapsed: 85 ms
[11:05:38] [Server thread/INFO]: Preparing start region for dimension minecraft:the_end
[11:05:38] [Server thread/INFO]: Time elapsed: 150 ms
[11:05:38] [Server thread/INFO]: Running delayed init tasks
[11:05:38] [Server thread/INFO]: Done (2.067s)! For help, type "help"
[11:05:38] [Server thread/INFO]: Timings Reset
[11:05:45] [User Authenticator #0/INFO]: UUID of player PAZZexe is 3680987b-63ad-3416-bb49-5cef9f8e4453
[11:05:45] [Server thread/INFO]: PAZZexe joined the game
[11:05:46] [Server thread/INFO]: PAZZexe[/[0:0:0:0:0:0:0:1%0]:39210] logged in with entity id 183 at ([world]396.07384361457343, 72.0, 143.20643679734982)
[11:06:14] [Server thread/INFO]: PAZZexe lost connection: Disconnected
[11:06:14] [Server thread/INFO]: PAZZexe left the game
[11:06:20] [User Authenticator #0/INFO]: UUID of player PAZZexe is 3680987b-63ad-3416-bb49-5cef9f8e4453
[11:06:20] [Server thread/INFO]: PAZZexe joined the game
[11:06:20] [Server thread/INFO]: PAZZexe[/[0:0:0:0:0:0:0:1%0]:39298] logged in with entity id 319 at ([world]402.9267476647535, 73.0, 76.88074263905028)
[11:06:58] [Server thread/INFO]: PAZZexe lost connection: Disconnected
[11:06:58] [Server thread/INFO]: PAZZexe left the game
